# JRE version: 7.0_17-b02
# Java VM: Java HotSpot(TM) 64-Bit Server VM (23.7-b01 mixed mode windows-amd64 compressed oops)
Heap
 PSYoungGen      total 18432K, used 3910K [0x00000000eb6b0000, 0x00000000ecb40000, 0x0000000100000000)
  eden space 15808K, 24% used [0x00000000eb6b0000,0x00000000eba81bc0,0x00000000ec620000)
  from space 2624K, 0% used [0x00000000ec620000,0x00000000ec620000,0x00000000ec8b0000)
  to   space 2624K, 0% used [0x00000000ec8b0000,0x00000000ec8b0000,0x00000000ecb40000)
 ParOldGen       total 97088K, used 57782K [0x00000000c2400000, 0x00000000c82d0000, 0x00000000eb6b0000)
  object space 97088K, 59% used [0x00000000c2400000,0x00000000c5c6d8b8,0x00000000c82d0000)
 PSPermGen       total 22272K, used 12171K [0x00000000bd200000, 0x00000000be7c0000, 0x00000000c2400000)
  object space 22272K, 54% used [0x00000000bd200000,0x00000000bdde2f28,0x00000000be7c0000)
GC Heap History (4 events):
Event: 1.695 GC heap before
{Heap before GC invocations=1 (full 0):
 PSYoungGen      total 18432K, used 15760K [0x00000000eb6b0000, 0x00000000ecb40000, 0x0000000100000000)
  eden space 15808K, 99% used [0x00000000eb6b0000,0x00000000ec614378,0x00000000ec620000)
  from space 2624K, 0% used [0x00000000ec8b0000,0x00000000ec8b0000,0x00000000ecb40000)
  to   space 2624K, 0% used [0x00000000ec620000,0x00000000ec620000,0x00000000ec8b0000)
 ParOldGen       total 65216K, used 48008K [0x00000000c2400000, 0x00000000c63b0000, 0x00000000eb6b0000)
  object space 65216K, 73% used [0x00000000c2400000,0x00000000c52e2020,0x00000000c63b0000)
 PSPermGen       total 21248K, used 10864K [0x00000000bd200000, 0x00000000be6c0000, 0x00000000c2400000)
  object space 21248K, 51% used [0x00000000bd200000,0x00000000bdc9c270,0x00000000be6c0000)
Event: 1.700 GC heap after
Heap after GC invocations=1 (full 0):
 PSYoungGen      total 18432K, used 2379K [0x00000000eb6b0000, 0x00000000ecb40000, 0x0000000100000000)
  eden space 15808K, 0% used [0x00000000eb6b0000,0x00000000eb6b0000,0x00000000ec620000)
  from space 2624K, 90% used [0x00000000ec620000,0x00000000ec872d80,0x00000000ec8b0000)
  to   space 2624K, 0% used [0x00000000ec8b0000,0x00000000ec8b0000,0x00000000ecb40000)
 ParOldGen       total 65216K, used 55484K [0x00000000c2400000, 0x00000000c63b0000, 0x00000000eb6b0000)
  object space 65216K, 85% used [0x00000000c2400000,0x00000000c5a2f030,0x00000000c63b0000)
 PSPermGen       total 21248K, used 10864K [0x00000000bd200000, 0x00000000be6c0000, 0x00000000c2400000)
  object space 21248K, 51% used [0x00000000bd200000,0x00000000bdc9c270,0x00000000be6c0000)
}
Event: 1.700 GC heap before
{Heap before GC invocations=2 (full 1):
 PSYoungGen      total 18432K, used 2379K [0x00000000eb6b0000, 0x00000000ecb40000, 0x0000000100000000)
  eden space 15808K, 0% used [0x00000000eb6b0000,0x00000000eb6b0000,0x00000000ec620000)
  from space 2624K, 90% used [0x00000000ec620000,0x00000000ec872d80,0x00000000ec8b0000)
  to   space 2624K, 0% used [0x00000000ec8b0000,0x00000000ec8b0000,0x00000000ecb40000)
 ParOldGen       total 65216K, used 55484K [0x00000000c2400000, 0x00000000c63b0000, 0x00000000eb6b0000)
  object space 65216K, 85% used [0x00000000c2400000,0x00000000c5a2f030,0x00000000c63b0000)
 PSPermGen       total 21248K, used 10864K [0x00000000bd200000, 0x00000000be6c0000, 0x00000000c2400000)
  object space 21248K, 51% used [0x00000000bd200000,0x00000000bdc9c270,0x00000000be6c0000)
Event: 1.719 GC heap after
Heap after GC invocations=2 (full 1):
 PSYoungGen      total 18432K, used 0K [0x00000000eb6b0000, 0x00000000ecb40000, 0x0000000100000000)
  eden space 15808K, 0% used [0x00000000eb6b0000,0x00000000eb6b0000,0x00000000ec620000)
  from space 2624K, 0% used [0x00000000ec620000,0x00000000ec620000,0x00000000ec8b0000)
  to   space 2624K, 0% used [0x00000000ec8b0000,0x00000000ec8b0000,0x00000000ecb40000)
 ParOldGen       total 97088K, used 57782K [0x00000000c2400000, 0x00000000c82d0000, 0x00000000eb6b0000)
  object space 97088K, 59% used [0x00000000c2400000,0x00000000c5c6d8b8,0x00000000c82d0000)
 PSPermGen       total 22272K, used 10860K [0x00000000bd200000, 0x00000000be7c0000, 0x00000000c2400000)
  object space 22272K, 48% used [0x00000000bd200000,0x00000000bdc9b3c8,0x00000000be7c0000)
}

