# JRE version: 7.0_17-b02
# Java VM: Java HotSpot(TM) Client VM (23.7-b01 mixed mode, sharing windows-x86 )
Heap
 def new generation   total 64832K, used 40663K [0x23a00000, 0x28050000, 0x28f50000)
  eden space 57664K,  58% used [0x23a00000, 0x25ac1720, 0x27250000)
  from space 7168K,  99% used [0x27950000, 0x28044810, 0x28050000)
  to   space 7168K,   0% used [0x27250000, 0x27250000, 0x27950000)
 tenured generation   total 143764K, used 94130K [0x28f50000, 0x31bb5000, 0x33a00000)
   the space 143764K,  65% used [0x28f50000, 0x2eb3cb20, 0x2eb3cc00, 0x31bb5000)
 compacting perm gen  total 12288K, used 2860K [0x33a00000, 0x34600000, 0x37a00000)
   the space 12288K,  23% used [0x33a00000, 0x33ccb3c8, 0x33ccb400, 0x34600000)
    ro space 10240K,  42% used [0x37a00000, 0x37e41d60, 0x37e41e00, 0x38400000)
    rw space 12288K,  54% used [0x38400000, 0x38a82928, 0x38a82a00, 0x39000000)
GC Heap History (10 events):
Event: 3.566 GC heap before
{Heap before GC invocations=7 (full 3):
 def new generation   total 28544K, used 25272K [0x23a00000, 0x258f0000, 0x28f50000)
  eden space 25408K,  99% used [0x23a00000, 0x252ae288, 0x252d0000)
  from space 3136K,   0% used [0x252d0000, 0x252d0000, 0x255e0000)
  to   space 3136K,   0% used [0x255e0000, 0x255e0000, 0x258f0000)
 tenured generation   total 63220K, used 37931K [0x28f50000, 0x2cd0d000, 0x33a00000)
   the space 63220K,  59% used [0x28f50000, 0x2b45ae40, 0x2b45b000, 0x2cd0d000)
 compacting perm gen  total 12288K, used 2145K [0x33a00000, 0x34600000, 0x37a00000)
   the space 12288K,  17% used [0x33a00000, 0x33c18540, 0x33c18600, 0x34600000)
    ro space 10240K,  42% used [0x37a00000, 0x37e41d60, 0x37e41e00, 0x38400000)
    rw space 12288K,  54% used [0x38400000, 0x38a82928, 0x38a82a00, 0x39000000)
Event: 3.593 GC heap after
Heap after GC invocations=8 (full 3):
 def new generation   total 28544K, used 10K [0x23a00000, 0x258f0000, 0x28f50000)
  eden space 25408K,   0% used [0x23a00000, 0x23a00000, 0x252d0000)
  from space 3136K,   0% used [0x255e0000, 0x255e2830, 0x258f0000)
  to   space 3136K,   0% used [0x252d0000, 0x252d0000, 0x255e0000)
 tenured generation   total 63220K, used 62863K [0x28f50000, 0x2cd0d000, 0x33a00000)
   the space 63220K,  99% used [0x28f50000, 0x2ccb3e50, 0x2ccb4000, 0x2cd0d000)
 compacting perm gen  total 12288K, used 2145K [0x33a00000, 0x34600000, 0x37a00000)
   the space 12288K,  17% used [0x33a00000, 0x33c18540, 0x33c18600, 0x34600000)
    ro space 10240K,  42% used [0x37a00000, 0x37e41d60, 0x37e41e00, 0x38400000)
    rw space 12288K,  54% used [0x38400000, 0x38a82928, 0x38a82a00, 0x39000000)
}
Event: 3.778 GC heap before
{Heap before GC invocations=8 (full 3):
 def new generation   total 28544K, used 25418K [0x23a00000, 0x258f0000, 0x28f50000)
  eden space 25408K, 100% used [0x23a00000, 0x252d0000, 0x252d0000)
  from space 3136K,   0% used [0x255e0000, 0x255e2830, 0x258f0000)
  to   space 3136K,   0% used [0x252d0000, 0x252d0000, 0x255e0000)
 tenured generation   total 63220K, used 62863K [0x28f50000, 0x2cd0d000, 0x33a00000)
   the space 63220K,  99% used [0x28f50000, 0x2ccb3e50, 0x2ccb4000, 0x2cd0d000)
 compacting perm gen  total 12288K, used 2461K [0x33a00000, 0x34600000, 0x37a00000)
   the space 12288K,  20% used [0x33a00000, 0x33c67618, 0x33c67800, 0x34600000)
    ro space 10240K,  42% used [0x37a00000, 0x37e41d60, 0x37e41e00, 0x38400000)
    rw space 12288K,  54% used [0x38400000, 0x38a82928, 0x38a82a00, 0x39000000)
Event: 4.046 GC heap after
Heap after GC invocations=9 (full 4):
 def new generation   total 64832K, used 0K [0x23a00000, 0x28050000, 0x28f50000)
  eden space 57664K,   0% used [0x23a00000, 0x23a00000, 0x27250000)
  from space 7168K,   0% used [0x27250000, 0x27250000, 0x27950000)
  to   space 7168K,   0% used [0x27950000, 0x27950000, 0x28050000)
 tenured generation   total 143764K, used 86257K [0x28f50000, 0x31bb5000, 0x33a00000)
   the space 143764K,  59% used [0x28f50000, 0x2e38c4d8, 0x2e38c600, 0x31bb5000)
 compacting perm gen  total 12288K, used 2460K [0x33a00000, 0x34600000, 0x37a00000)
   the space 12288K,  20% used [0x33a00000, 0x33c673b8, 0x33c67400, 0x34600000)
    ro space 10240K,  42% used [0x37a00000, 0x37e41d60, 0x37e41e00, 0x38400000)
    rw space 12288K,  54% used [0x38400000, 0x38a82928, 0x38a82a00, 0x39000000)
}
Event: 4.398 GC heap before
{Heap before GC invocations=9 (full 4):
 def new generation   total 64832K, used 57664K [0x23a00000, 0x28050000, 0x28f50000)
  eden space 57664K, 100% used [0x23a00000, 0x27250000, 0x27250000)
  from space 7168K,   0% used [0x27250000, 0x27250000, 0x27950000)
  to   space 7168K,   0% used [0x27950000, 0x27950000, 0x28050000)
 tenured generation   total 143764K, used 86257K [0x28f50000, 0x31bb5000, 0x33a00000)
   the space 143764K,  59% used [0x28f50000, 0x2e38c4d8, 0x2e38c600, 0x31bb5000)
 compacting perm gen  total 12288K, used 2461K [0x33a00000, 0x34600000, 0x37a00000)
   the space 12288K,  20% used [0x33a00000, 0x33c67438, 0x33c67600, 0x34600000)
    ro space 10240K,  42% used [0x37a00000, 0x37e41d60, 0x37e41e00, 0x38400000)
    rw space 12288K,  54% used [0x38400000, 0x38a82928, 0x38a82a00, 0x39000000)
Event: 4.403 GC heap after
Heap after GC invocations=10 (full 4):
 def new generation   total 64832K, used 3729K [0x23a00000, 0x28050000, 0x28f50000)
  eden space 57664K,   0% used [0x23a00000, 0x23a00000, 0x27250000)
  from space 7168K,  52% used [0x27950000, 0x27cf4698, 0x28050000)
  to   space 7168K,   0% used [0x27250000, 0x27250000, 0x27950000)
 tenured generation   total 143764K, used 86257K [0x28f50000, 0x31bb5000, 0x33a00000)
   the space 143764K,  59% used [0x28f50000, 0x2e38c4d8, 0x2e38c600, 0x31bb5000)
 compacting perm gen  total 12288K, used 2461K [0x33a00000, 0x34600000, 0x37a00000)
   the space 12288K,  20% used [0x33a00000, 0x33c67438, 0x33c67600, 0x34600000)
    ro space 10240K,  42% used [0x37a00000, 0x37e41d60, 0x37e41e00, 0x38400000)
    rw space 12288K,  54% used [0x38400000, 0x38a82928, 0x38a82a00, 0x39000000)
}
Event: 4.716 GC heap before
{Heap before GC invocations=10 (full 4):
 def new generation   total 64832K, used 61393K [0x23a00000, 0x28050000, 0x28f50000)
  eden space 57664K, 100% used [0x23a00000, 0x27250000, 0x27250000)
  from space 7168K,  52% used [0x27950000, 0x27cf4698, 0x28050000)
  to   space 7168K,   0% used [0x27250000, 0x27250000, 0x27950000)
 tenured generation   total 143764K, used 86257K [0x28f50000, 0x31bb5000, 0x33a00000)
   the space 143764K,  59% used [0x28f50000, 0x2e38c4d8, 0x2e38c600, 0x31bb5000)
 compacting perm gen  total 12288K, used 2461K [0x33a00000, 0x34600000, 0x37a00000)
   the space 12288K,  20% used [0x33a00000, 0x33c67438, 0x33c67600, 0x34600000)
    ro space 10240K,  42% used [0x37a00000, 0x37e41d60, 0x37e41e00, 0x38400000)
    rw space 12288K,  54% used [0x38400000, 0x38a82928, 0x38a82a00, 0x39000000)
Event: 4.726 GC heap after
Heap after GC invocations=11 (full 4):
 def new generation   total 64832K, used 4144K [0x23a00000, 0x28050000, 0x28f50000)
  eden space 57664K,   0% used [0x23a00000, 0x23a00000, 0x27250000)
  from space 7168K,  57% used [0x27250000, 0x2765c078, 0x27950000)
  to   space 7168K,   0% used [0x27950000, 0x27950000, 0x28050000)
 tenured generation   total 143764K, used 89986K [0x28f50000, 0x31bb5000, 0x33a00000)
   the space 143764K,  62% used [0x28f50000, 0x2e730b30, 0x2e730c00, 0x31bb5000)
 compacting perm gen  total 12288K, used 2461K [0x33a00000, 0x34600000, 0x37a00000)
   the space 12288K,  20% used [0x33a00000, 0x33c67438, 0x33c67600, 0x34600000)
    ro space 10240K,  42% used [0x37a00000, 0x37e41d60, 0x37e41e00, 0x38400000)
    rw space 12288K,  54% used [0x38400000, 0x38a82928, 0x38a82a00, 0x39000000)
}
Event: 5.214 GC heap before
{Heap before GC invocations=11 (full 4):
 def new generation   total 64832K, used 61808K [0x23a00000, 0x28050000, 0x28f50000)
  eden space 57664K, 100% used [0x23a00000, 0x27250000, 0x27250000)
  from space 7168K,  57% used [0x27250000, 0x2765c078, 0x27950000)
  to   space 7168K,   0% used [0x27950000, 0x27950000, 0x28050000)
 tenured generation   total 143764K, used 89986K [0x28f50000, 0x31bb5000, 0x33a00000)
   the space 143764K,  62% used [0x28f50000, 0x2e730b30, 0x2e730c00, 0x31bb5000)
 compacting perm gen  total 12288K, used 2524K [0x33a00000, 0x34600000, 0x37a00000)
   the space 12288K,  20% used [0x33a00000, 0x33c77298, 0x33c77400, 0x34600000)
    ro space 10240K,  42% used [0x37a00000, 0x37e41d60, 0x37e41e00, 0x38400000)
    rw space 12288K,  54% used [0x38400000, 0x38a82928, 0x38a82a00, 0x39000000)
Event: 5.227 GC heap after
Heap after GC invocations=12 (full 4):
 def new generation   total 64832K, used 7122K [0x23a00000, 0x28050000, 0x28f50000)
  eden space 57664K,   0% used [0x23a00000, 0x23a00000, 0x27250000)
  from space 7168K,  99% used [0x27950000, 0x28044810, 0x28050000)
  to   space 7168K,   0% used [0x27250000, 0x27250000, 0x27950000)
 tenured generation   total 143764K, used 94130K [0x28f50000, 0x31bb5000, 0x33a00000)
   the space 143764K,  65% used [0x28f50000, 0x2eb3cb20, 0x2eb3cc00, 0x31bb5000)
 compacting perm gen  total 12288K, used 2524K [0x33a00000, 0x34600000, 0x37a00000)
   the space 12288K,  20% used [0x33a00000, 0x33c77298, 0x33c77400, 0x34600000)
    ro space 10240K,  42% used [0x37a00000, 0x37e41d60, 0x37e41e00, 0x38400000)
    rw space 12288K,  54% used [0x38400000, 0x38a82928, 0x38a82a00, 0x39000000)
}

