# JRE version: 7.0_17-b02
# Java VM: Java HotSpot(TM) 64-Bit Server VM (23.7-b01 mixed mode windows-amd64 compressed oops)
Heap
 PSYoungGen      total 88256K, used 35045K [0x00000000eb6b0000, 0x00000000f1210000, 0x0000000100000000)
  eden space 83968K, 41% used [0x00000000eb6b0000,0x00000000ed8e9748,0x00000000f08b0000)
  from space 4288K, 0% used [0x00000000f0de0000,0x00000000f0de0000,0x00000000f1210000)
  to   space 4800K, 0% used [0x00000000f08b0000,0x00000000f08b0000,0x00000000f0d60000)
 ParOldGen       total 128064K, used 72767K [0x00000000c2400000, 0x00000000ca110000, 0x00000000eb6b0000)
  object space 128064K, 56% used [0x00000000c2400000,0x00000000c6b0ffd8,0x00000000ca110000)
 PSPermGen       total 24000K, used 12922K [0x00000000bd200000, 0x00000000be970000, 0x00000000c2400000)
  object space 24000K, 53% used [0x00000000bd200000,0x00000000bde9e9a8,0x00000000be970000)
GC Heap History (10 events):
Event: 0.967 GC heap before
{Heap before GC invocations=6 (full 1):
 PSYoungGen      total 31680K, used 31655K [0x00000000eb6b0000, 0x00000000eddd0000, 0x0000000100000000)
  eden space 31488K, 100% used [0x00000000eb6b0000,0x00000000ed570000,0x00000000ed570000)
  from space 192K, 87% used [0x00000000ed800000,0x00000000ed829df0,0x00000000ed830000)
  to   space 2624K, 0% used [0x00000000ed570000,0x00000000ed570000,0x00000000ed800000)
 ParOldGen       total 103232K, used 64137K [0x00000000c2400000, 0x00000000c88d0000, 0x00000000eb6b0000)
  object space 103232K, 62% used [0x00000000c2400000,0x00000000c62a2648,0x00000000c88d0000)
 PSPermGen       total 21248K, used 10451K [0x00000000bd200000, 0x00000000be6c0000, 0x00000000c2400000)
  object space 21248K, 49% used [0x00000000bd200000,0x00000000bdc34de0,0x00000000be6c0000)
Event: 0.978 GC heap after
Heap after GC invocations=6 (full 1):
 PSYoungGen      total 34112K, used 2611K [0x00000000eb6b0000, 0x00000000ef0c0000, 0x0000000100000000)
  eden space 31488K, 0% used [0x00000000eb6b0000,0x00000000eb6b0000,0x00000000ed570000)
  from space 2624K, 99% used [0x00000000ed570000,0x00000000ed7fcd00,0x00000000ed800000)
  to   space 3840K, 0% used [0x00000000eed00000,0x00000000eed00000,0x00000000ef0c0000)
 ParOldGen       total 103232K, used 65379K [0x00000000c2400000, 0x00000000c88d0000, 0x00000000eb6b0000)
  object space 103232K, 63% used [0x00000000c2400000,0x00000000c63d8cc8,0x00000000c88d0000)
 PSPermGen       total 21248K, used 10451K [0x00000000bd200000, 0x00000000be6c0000, 0x00000000c2400000)
  object space 21248K, 49% used [0x00000000bd200000,0x00000000bdc34de0,0x00000000be6c0000)
}
Event: 1.041 GC heap before
{Heap before GC invocations=7 (full 1):
 PSYoungGen      total 34112K, used 34099K [0x00000000eb6b0000, 0x00000000ef0c0000, 0x0000000100000000)
  eden space 31488K, 100% used [0x00000000eb6b0000,0x00000000ed570000,0x00000000ed570000)
  from space 2624K, 99% used [0x00000000ed570000,0x00000000ed7fcd00,0x00000000ed800000)
  to   space 3840K, 0% used [0x00000000eed00000,0x00000000eed00000,0x00000000ef0c0000)
 ParOldGen       total 103232K, used 65379K [0x00000000c2400000, 0x00000000c88d0000, 0x00000000eb6b0000)
  object space 103232K, 63% used [0x00000000c2400000,0x00000000c63d8cc8,0x00000000c88d0000)
 PSPermGen       total 21248K, used 10451K [0x00000000bd200000, 0x00000000be6c0000, 0x00000000c2400000)
  object space 21248K, 49% used [0x00000000bd200000,0x00000000bdc34de0,0x00000000be6c0000)
Event: 1.044 GC heap after
Heap after GC invocations=7 (full 1):
 PSYoungGen      total 55360K, used 3567K [0x00000000eb6b0000, 0x00000000ef130000, 0x0000000100000000)
  eden space 51520K, 0% used [0x00000000eb6b0000,0x00000000eb6b0000,0x00000000ee900000)
  from space 3840K, 92% used [0x00000000eed00000,0x00000000ef07bc00,0x00000000ef0c0000)
  to   space 4096K, 0% used [0x00000000ee900000,0x00000000ee900000,0x00000000eed00000)
 ParOldGen       total 103232K, used 71181K [0x00000000c2400000, 0x00000000c88d0000, 0x00000000eb6b0000)
  object space 103232K, 68% used [0x00000000c2400000,0x00000000c69835c8,0x00000000c88d0000)
 PSPermGen       total 21248K, used 10451K [0x00000000bd200000, 0x00000000be6c0000, 0x00000000c2400000)
  object space 21248K, 49% used [0x00000000bd200000,0x00000000bdc34de0,0x00000000be6c0000)
}
Event: 1.153 GC heap before
{Heap before GC invocations=8 (full 1):
 PSYoungGen      total 55360K, used 55087K [0x00000000eb6b0000, 0x00000000ef130000, 0x0000000100000000)
  eden space 51520K, 100% used [0x00000000eb6b0000,0x00000000ee900000,0x00000000ee900000)
  from space 3840K, 92% used [0x00000000eed00000,0x00000000ef07bc00,0x00000000ef0c0000)
  to   space 4096K, 0% used [0x00000000ee900000,0x00000000ee900000,0x00000000eed00000)
 ParOldGen       total 103232K, used 71181K [0x00000000c2400000, 0x00000000c88d0000, 0x00000000eb6b0000)
  object space 103232K, 68% used [0x00000000c2400000,0x00000000c69835c8,0x00000000c88d0000)
 PSPermGen       total 21248K, used 10451K [0x00000000bd200000, 0x00000000be6c0000, 0x00000000c2400000)
  object space 21248K, 49% used [0x00000000bd200000,0x00000000bdc34de0,0x00000000be6c0000)
Event: 1.160 GC heap after
Heap after GC invocations=8 (full 1):
 PSYoungGen      total 55616K, used 3980K [0x00000000eb6b0000, 0x00000000f1240000, 0x0000000100000000)
  eden space 51520K, 0% used [0x00000000eb6b0000,0x00000000eb6b0000,0x00000000ee900000)
  from space 4096K, 97% used [0x00000000ee900000,0x00000000eece3380,0x00000000eed00000)
  to   space 4480K, 0% used [0x00000000f0de0000,0x00000000f0de0000,0x00000000f1240000)
 ParOldGen       total 103232K, used 76203K [0x00000000c2400000, 0x00000000c88d0000, 0x00000000eb6b0000)
  object space 103232K, 73% used [0x00000000c2400000,0x00000000c6e6afc8,0x00000000c88d0000)
 PSPermGen       total 21248K, used 10451K [0x00000000bd200000, 0x00000000be6c0000, 0x00000000c2400000)
  object space 21248K, 49% used [0x00000000bd200000,0x00000000bdc34de0,0x00000000be6c0000)
}
Event: 1.416 GC heap before
{Heap before GC invocations=9 (full 1):
 PSYoungGen      total 55616K, used 55500K [0x00000000eb6b0000, 0x00000000f1240000, 0x0000000100000000)
  eden space 51520K, 100% used [0x00000000eb6b0000,0x00000000ee900000,0x00000000ee900000)
  from space 4096K, 97% used [0x00000000ee900000,0x00000000eece3380,0x00000000eed00000)
  to   space 4480K, 0% used [0x00000000f0de0000,0x00000000f0de0000,0x00000000f1240000)
 ParOldGen       total 103232K, used 76203K [0x00000000c2400000, 0x00000000c88d0000, 0x00000000eb6b0000)
  object space 103232K, 73% used [0x00000000c2400000,0x00000000c6e6afc8,0x00000000c88d0000)
 PSPermGen       total 21248K, used 10567K [0x00000000bd200000, 0x00000000be6c0000, 0x00000000c2400000)
  object space 21248K, 49% used [0x00000000bd200000,0x00000000bdc51fd0,0x00000000be6c0000)
Event: 1.426 GC heap after
Heap after GC invocations=9 (full 1):
 PSYoungGen      total 88256K, used 4247K [0x00000000eb6b0000, 0x00000000f1210000, 0x0000000100000000)
  eden space 83968K, 0% used [0x00000000eb6b0000,0x00000000eb6b0000,0x00000000f08b0000)
  from space 4288K, 99% used [0x00000000f0de0000,0x00000000f1205e10,0x00000000f1210000)
  to   space 4800K, 0% used [0x00000000f08b0000,0x00000000f08b0000,0x00000000f0d60000)
 ParOldGen       total 103232K, used 90629K [0x00000000c2400000, 0x00000000c88d0000, 0x00000000eb6b0000)
  object space 103232K, 87% used [0x00000000c2400000,0x00000000c7c81498,0x00000000c88d0000)
 PSPermGen       total 21248K, used 10567K [0x00000000bd200000, 0x00000000be6c0000, 0x00000000c2400000)
  object space 21248K, 49% used [0x00000000bd200000,0x00000000bdc51fd0,0x00000000be6c0000)
}
Event: 1.426 GC heap before
{Heap before GC invocations=10 (full 2):
 PSYoungGen      total 88256K, used 4247K [0x00000000eb6b0000, 0x00000000f1210000, 0x0000000100000000)
  eden space 83968K, 0% used [0x00000000eb6b0000,0x00000000eb6b0000,0x00000000f08b0000)
  from space 4288K, 99% used [0x00000000f0de0000,0x00000000f1205e10,0x00000000f1210000)
  to   space 4800K, 0% used [0x00000000f08b0000,0x00000000f08b0000,0x00000000f0d60000)
 ParOldGen       total 103232K, used 90629K [0x00000000c2400000, 0x00000000c88d0000, 0x00000000eb6b0000)
  object space 103232K, 87% used [0x00000000c2400000,0x00000000c7c81498,0x00000000c88d0000)
 PSPermGen       total 21248K, used 10567K [0x00000000bd200000, 0x00000000be6c0000, 0x00000000c2400000)
  object space 21248K, 49% used [0x00000000bd200000,0x00000000bdc51fd0,0x00000000be6c0000)
Event: 1.443 GC heap after
Heap after GC invocations=10 (full 2):
 PSYoungGen      total 88256K, used 0K [0x00000000eb6b0000, 0x00000000f1210000, 0x0000000100000000)
  eden space 83968K, 0% used [0x00000000eb6b0000,0x00000000eb6b0000,0x00000000f08b0000)
  from space 4288K, 0% used [0x00000000f0de0000,0x00000000f0de0000,0x00000000f1210000)
  to   space 4800K, 0% used [0x00000000f08b0000,0x00000000f08b0000,0x00000000f0d60000)
 ParOldGen       total 128064K, used 72767K [0x00000000c2400000, 0x00000000ca110000, 0x00000000eb6b0000)
  object space 128064K, 56% used [0x00000000c2400000,0x00000000c6b0ffd8,0x00000000ca110000)
 PSPermGen       total 24000K, used 10567K [0x00000000bd200000, 0x00000000be970000, 0x00000000c2400000)
  object space 24000K, 44% used [0x00000000bd200000,0x00000000bdc51fd0,0x00000000be970000)
}

