# JRE version: 7.0_17-b02
# Java VM: Java HotSpot(TM) Client VM (23.7-b01 mixed mode, sharing windows-x86 )
Heap
 def new generation   total 64832K, used 16146K [0x23a00000, 0x28050000, 0x28f50000)
  eden space 57664K,  25% used [0x23a00000, 0x24881190, 0x27250000)
  from space 7168K,  18% used [0x27950000, 0x27a93790, 0x28050000)
  to   space 7168K,   0% used [0x27250000, 0x27250000, 0x27950000)
 tenured generation   total 143892K, used 102662K [0x28f50000, 0x31bd5000, 0x33a00000)
   the space 143892K,  71% used [0x28f50000, 0x2f3919b0, 0x2f391a00, 0x31bd5000)
 compacting perm gen  total 12288K, used 2839K [0x33a00000, 0x34600000, 0x37a00000)
   the space 12288K,  23% used [0x33a00000, 0x33cc5e90, 0x33cc6000, 0x34600000)
    ro space 10240K,  42% used [0x37a00000, 0x37e41d60, 0x37e41e00, 0x38400000)
    rw space 12288K,  54% used [0x38400000, 0x38a82928, 0x38a82a00, 0x39000000)
GC Heap History (10 events):
Event: 26.707 GC heap before
{Heap before GC invocations=13 (full 4):
 def new generation   total 64832K, used 59476K [0x23a00000, 0x28050000, 0x28f50000)
  eden space 57664K, 100% used [0x23a00000, 0x27250000, 0x27250000)
  from space 7168K,  25% used [0x27250000, 0x27415190, 0x27950000)
  to   space 7168K,   0% used [0x27950000, 0x27950000, 0x28050000)
 tenured generation   total 143892K, used 102662K [0x28f50000, 0x31bd5000, 0x33a00000)
   the space 143892K,  71% used [0x28f50000, 0x2f3919b0, 0x2f391a00, 0x31bd5000)
 compacting perm gen  total 12288K, used 2836K [0x33a00000, 0x34600000, 0x37a00000)
   the space 12288K,  23% used [0x33a00000, 0x33cc5128, 0x33cc5200, 0x34600000)
    ro space 10240K,  42% used [0x37a00000, 0x37e41d60, 0x37e41e00, 0x38400000)
    rw space 12288K,  54% used [0x38400000, 0x38a82928, 0x38a82a00, 0x39000000)
Event: 26.715 GC heap after
Heap after GC invocations=14 (full 4):
 def new generation   total 64832K, used 1305K [0x23a00000, 0x28050000, 0x28f50000)
  eden space 57664K,   0% used [0x23a00000, 0x23a00000, 0x27250000)
  from space 7168K,  18% used [0x27950000, 0x27a96778, 0x28050000)
  to   space 7168K,   0% used [0x27250000, 0x27250000, 0x27950000)
 tenured generation   total 143892K, used 102662K [0x28f50000, 0x31bd5000, 0x33a00000)
   the space 143892K,  71% used [0x28f50000, 0x2f3919b0, 0x2f391a00, 0x31bd5000)
 compacting perm gen  total 12288K, used 2836K [0x33a00000, 0x34600000, 0x37a00000)
   the space 12288K,  23% used [0x33a00000, 0x33cc5128, 0x33cc5200, 0x34600000)
    ro space 10240K,  42% used [0x37a00000, 0x37e41d60, 0x37e41e00, 0x38400000)
    rw space 12288K,  54% used [0x38400000, 0x38a82928, 0x38a82a00, 0x39000000)
}
Event: 32.841 GC heap before
{Heap before GC invocations=14 (full 4):
 def new generation   total 64832K, used 58969K [0x23a00000, 0x28050000, 0x28f50000)
  eden space 57664K, 100% used [0x23a00000, 0x27250000, 0x27250000)
  from space 7168K,  18% used [0x27950000, 0x27a96778, 0x28050000)
  to   space 7168K,   0% used [0x27250000, 0x27250000, 0x27950000)
 tenured generation   total 143892K, used 102662K [0x28f50000, 0x31bd5000, 0x33a00000)
   the space 143892K,  71% used [0x28f50000, 0x2f3919b0, 0x2f391a00, 0x31bd5000)
 compacting perm gen  total 12288K, used 2836K [0x33a00000, 0x34600000, 0x37a00000)
   the space 12288K,  23% used [0x33a00000, 0x33cc51b8, 0x33cc5200, 0x34600000)
    ro space 10240K,  42% used [0x37a00000, 0x37e41d60, 0x37e41e00, 0x38400000)
    rw space 12288K,  54% used [0x38400000, 0x38a82928, 0x38a82a00, 0x39000000)
Event: 32.851 GC heap after
Heap after GC invocations=15 (full 4):
 def new generation   total 64832K, used 1331K [0x23a00000, 0x28050000, 0x28f50000)
  eden space 57664K,   0% used [0x23a00000, 0x23a00000, 0x27250000)
  from space 7168K,  18% used [0x27250000, 0x2739cc10, 0x27950000)
  to   space 7168K,   0% used [0x27950000, 0x27950000, 0x28050000)
 tenured generation   total 143892K, used 102662K [0x28f50000, 0x31bd5000, 0x33a00000)
   the space 143892K,  71% used [0x28f50000, 0x2f3919b0, 0x2f391a00, 0x31bd5000)
 compacting perm gen  total 12288K, used 2836K [0x33a00000, 0x34600000, 0x37a00000)
   the space 12288K,  23% used [0x33a00000, 0x33cc51b8, 0x33cc5200, 0x34600000)
    ro space 10240K,  42% used [0x37a00000, 0x37e41d60, 0x37e41e00, 0x38400000)
    rw space 12288K,  54% used [0x38400000, 0x38a82928, 0x38a82a00, 0x39000000)
}
Event: 38.791 GC heap before
{Heap before GC invocations=15 (full 4):
 def new generation   total 64832K, used 58995K [0x23a00000, 0x28050000, 0x28f50000)
  eden space 57664K, 100% used [0x23a00000, 0x27250000, 0x27250000)
  from space 7168K,  18% used [0x27250000, 0x2739cc10, 0x27950000)
  to   space 7168K,   0% used [0x27950000, 0x27950000, 0x28050000)
 tenured generation   total 143892K, used 102662K [0x28f50000, 0x31bd5000, 0x33a00000)
   the space 143892K,  71% used [0x28f50000, 0x2f3919b0, 0x2f391a00, 0x31bd5000)
 compacting perm gen  total 12288K, used 2836K [0x33a00000, 0x34600000, 0x37a00000)
   the space 12288K,  23% used [0x33a00000, 0x33cc5298, 0x33cc5400, 0x34600000)
    ro space 10240K,  42% used [0x37a00000, 0x37e41d60, 0x37e41e00, 0x38400000)
    rw space 12288K,  54% used [0x38400000, 0x38a82928, 0x38a82a00, 0x39000000)
Event: 38.800 GC heap after
Heap after GC invocations=16 (full 4):
 def new generation   total 64832K, used 1311K [0x23a00000, 0x28050000, 0x28f50000)
  eden space 57664K,   0% used [0x23a00000, 0x23a00000, 0x27250000)
  from space 7168K,  18% used [0x27950000, 0x27a97e48, 0x28050000)
  to   space 7168K,   0% used [0x27250000, 0x27250000, 0x27950000)
 tenured generation   total 143892K, used 102662K [0x28f50000, 0x31bd5000, 0x33a00000)
   the space 143892K,  71% used [0x28f50000, 0x2f3919b0, 0x2f391a00, 0x31bd5000)
 compacting perm gen  total 12288K, used 2836K [0x33a00000, 0x34600000, 0x37a00000)
   the space 12288K,  23% used [0x33a00000, 0x33cc5298, 0x33cc5400, 0x34600000)
    ro space 10240K,  42% used [0x37a00000, 0x37e41d60, 0x37e41e00, 0x38400000)
    rw space 12288K,  54% used [0x38400000, 0x38a82928, 0x38a82a00, 0x39000000)
}
Event: 44.985 GC heap before
{Heap before GC invocations=16 (full 4):
 def new generation   total 64832K, used 58975K [0x23a00000, 0x28050000, 0x28f50000)
  eden space 57664K, 100% used [0x23a00000, 0x27250000, 0x27250000)
  from space 7168K,  18% used [0x27950000, 0x27a97e48, 0x28050000)
  to   space 7168K,   0% used [0x27250000, 0x27250000, 0x27950000)
 tenured generation   total 143892K, used 102662K [0x28f50000, 0x31bd5000, 0x33a00000)
   the space 143892K,  71% used [0x28f50000, 0x2f3919b0, 0x2f391a00, 0x31bd5000)
 compacting perm gen  total 12288K, used 2836K [0x33a00000, 0x34600000, 0x37a00000)
   the space 12288K,  23% used [0x33a00000, 0x33cc52c8, 0x33cc5400, 0x34600000)
    ro space 10240K,  42% used [0x37a00000, 0x37e41d60, 0x37e41e00, 0x38400000)
    rw space 12288K,  54% used [0x38400000, 0x38a82928, 0x38a82a00, 0x39000000)
Event: 44.993 GC heap after
Heap after GC invocations=17 (full 4):
 def new generation   total 64832K, used 1383K [0x23a00000, 0x28050000, 0x28f50000)
  eden space 57664K,   0% used [0x23a00000, 0x23a00000, 0x27250000)
  from space 7168K,  19% used [0x27250000, 0x273a9f90, 0x27950000)
  to   space 7168K,   0% used [0x27950000, 0x27950000, 0x28050000)
 tenured generation   total 143892K, used 102662K [0x28f50000, 0x31bd5000, 0x33a00000)
   the space 143892K,  71% used [0x28f50000, 0x2f3919b0, 0x2f391a00, 0x31bd5000)
 compacting perm gen  total 12288K, used 2836K [0x33a00000, 0x34600000, 0x37a00000)
   the space 12288K,  23% used [0x33a00000, 0x33cc52c8, 0x33cc5400, 0x34600000)
    ro space 10240K,  42% used [0x37a00000, 0x37e41d60, 0x37e41e00, 0x38400000)
    rw space 12288K,  54% used [0x38400000, 0x38a82928, 0x38a82a00, 0x39000000)
}
Event: 51.089 GC heap before
{Heap before GC invocations=17 (full 4):
 def new generation   total 64832K, used 59047K [0x23a00000, 0x28050000, 0x28f50000)
  eden space 57664K, 100% used [0x23a00000, 0x27250000, 0x27250000)
  from space 7168K,  19% used [0x27250000, 0x273a9f90, 0x27950000)
  to   space 7168K,   0% used [0x27950000, 0x27950000, 0x28050000)
 tenured generation   total 143892K, used 102662K [0x28f50000, 0x31bd5000, 0x33a00000)
   the space 143892K,  71% used [0x28f50000, 0x2f3919b0, 0x2f391a00, 0x31bd5000)
 compacting perm gen  total 12288K, used 2836K [0x33a00000, 0x34600000, 0x37a00000)
   the space 12288K,  23% used [0x33a00000, 0x33cc5388, 0x33cc5400, 0x34600000)
    ro space 10240K,  42% used [0x37a00000, 0x37e41d60, 0x37e41e00, 0x38400000)
    rw space 12288K,  54% used [0x38400000, 0x38a82928, 0x38a82a00, 0x39000000)
Event: 51.098 GC heap after
Heap after GC invocations=18 (full 4):
 def new generation   total 64832K, used 1293K [0x23a00000, 0x28050000, 0x28f50000)
  eden space 57664K,   0% used [0x23a00000, 0x23a00000, 0x27250000)
  from space 7168K,  18% used [0x27950000, 0x27a93790, 0x28050000)
  to   space 7168K,   0% used [0x27250000, 0x27250000, 0x27950000)
 tenured generation   total 143892K, used 102662K [0x28f50000, 0x31bd5000, 0x33a00000)
   the space 143892K,  71% used [0x28f50000, 0x2f3919b0, 0x2f391a00, 0x31bd5000)
 compacting perm gen  total 12288K, used 2836K [0x33a00000, 0x34600000, 0x37a00000)
   the space 12288K,  23% used [0x33a00000, 0x33cc5388, 0x33cc5400, 0x34600000)
    ro space 10240K,  42% used [0x37a00000, 0x37e41d60, 0x37e41e00, 0x38400000)
    rw space 12288K,  54% used [0x38400000, 0x38a82928, 0x38a82a00, 0x39000000)
}

